# JRE version: OpenJDK Runtime Environment (17.0.11) (build 17.0.11+0--11852314)
# Java VM: OpenJDK 64-Bit Server VM (17.0.11+0--11852314, mixed mode, tiered, compressed oops, compressed class ptrs, g1 gc, windows-amd64)
GC Precious Log:
 CPUs: 8 total, 8 available
 Memory: 16077M
 Large Page Support: Disabled
 NUMA Support: Disabled
 Compressed Oops: Enabled (32-bit)
 Heap Region Size: 1M
 Heap Min Capacity: 8M
 Heap Initial Capacity: 252M
 Heap Max Capacity: 2G
 Pre-touch: Disabled
 Parallel Workers: 8
 Concurrent Workers: 2
 Concurrent Refinement Workers: 8
 Periodic GC: Disabled
Heap:
 garbage-first heap   total 228352K, used 155908K [0x0000000080000000, 0x0000000100000000)
  region size 1024K, 76 young (77824K), 7 survivors (7168K)
 Metaspace       used 83595K, committed 84288K, reserved 1179648K
  class space    used 11381K, committed 11712K, reserved 1048576K
GC Heap History (20 events):
Event: 4.512 GC heap before
{Heap before GC invocations=13 (full 0):
 garbage-first heap   total 105472K, used 79617K [0x0000000080000000, 0x0000000100000000)
  region size 1024K, 51 young (52224K), 4 survivors (4096K)
 Metaspace       used 51828K, committed 52288K, reserved 1114112K
  class space    used 7196K, committed 7424K, reserved 1048576K
}
Event: 4.517 GC heap after
{Heap after GC invocations=14 (full 0):
 garbage-first heap   total 105472K, used 34040K [0x0000000080000000, 0x0000000100000000)
  region size 1024K, 6 young (6144K), 6 survivors (6144K)
 Metaspace       used 51828K, committed 52288K, reserved 1114112K
  class space    used 7196K, committed 7424K, reserved 1048576K
}
Event: 5.205 GC heap before
{Heap before GC invocations=14 (full 0):
 garbage-first heap   total 105472K, used 83192K [0x0000000080000000, 0x0000000100000000)
  region size 1024K, 53 young (54272K), 6 survivors (6144K)
 Metaspace       used 56275K, committed 56832K, reserved 1114112K
  class space    used 7732K, committed 8000K, reserved 1048576K
}
Event: 5.211 GC heap after
{Heap after GC invocations=15 (full 0):
 garbage-first heap   total 105472K, used 38696K [0x0000000080000000, 0x0000000100000000)
  region size 1024K, 7 young (7168K), 7 survivors (7168K)
 Metaspace       used 56275K, committed 56832K, reserved 1114112K
  class space    used 7732K, committed 8000K, reserved 1048576K
}
Event: 5.517 GC heap before
{Heap before GC invocations=15 (full 0):
 garbage-first heap   total 105472K, used 86824K [0x0000000080000000, 0x0000000100000000)
  region size 1024K, 49 young (50176K), 7 survivors (7168K)
 Metaspace       used 56944K, committed 57472K, reserved 1114112K
  class space    used 7793K, committed 8064K, reserved 1048576K
}
Event: 5.523 GC heap after
{Heap after GC invocations=16 (full 0):
 garbage-first heap   total 105472K, used 49753K [0x0000000080000000, 0x0000000100000000)
  region size 1024K, 6 young (6144K), 6 survivors (6144K)
 Metaspace       used 56944K, committed 57472K, reserved 1114112K
  class space    used 7793K, committed 8064K, reserved 1048576K
}
Event: 5.599 GC heap before
{Heap before GC invocations=16 (full 0):
 garbage-first heap   total 105472K, used 55897K [0x0000000080000000, 0x0000000100000000)
  region size 1024K, 12 young (12288K), 6 survivors (6144K)
 Metaspace       used 57285K, committed 57856K, reserved 1114112K
  class space    used 7856K, committed 8128K, reserved 1048576K
}
Event: 5.601 GC heap after
{Heap after GC invocations=17 (full 0):
 garbage-first heap   total 105472K, used 53314K [0x0000000080000000, 0x0000000100000000)
  region size 1024K, 3 young (3072K), 3 survivors (3072K)
 Metaspace       used 57285K, committed 57856K, reserved 1114112K
  class space    used 7856K, committed 8128K, reserved 1048576K
}
Event: 5.684 GC heap before
{Heap before GC invocations=18 (full 0):
 garbage-first heap   total 105472K, used 62530K [0x0000000080000000, 0x0000000100000000)
  region size 1024K, 8 young (8192K), 3 survivors (3072K)
 Metaspace       used 57301K, committed 57856K, reserved 1114112K
  class space    used 7860K, committed 8128K, reserved 1048576K
}
Event: 5.686 GC heap after
{Heap after GC invocations=19 (full 0):
 garbage-first heap   total 105472K, used 60413K [0x0000000080000000, 0x0000000100000000)
  region size 1024K, 4 young (4096K), 4 survivors (4096K)
 Metaspace       used 57301K, committed 57856K, reserved 1114112K
  class space    used 7860K, committed 8128K, reserved 1048576K
}
Event: 5.888 GC heap before
{Heap before GC invocations=20 (full 0):
 garbage-first heap   total 106496K, used 76797K [0x0000000080000000, 0x0000000100000000)
  region size 1024K, 19 young (19456K), 4 survivors (4096K)
 Metaspace       used 58383K, committed 59008K, reserved 1114112K
  class space    used 8011K, committed 8320K, reserved 1048576K
}
Event: 5.890 GC heap after
{Heap after GC invocations=21 (full 0):
 garbage-first heap   total 106496K, used 62852K [0x0000000080000000, 0x0000000100000000)
  region size 1024K, 2 young (2048K), 2 survivors (2048K)
 Metaspace       used 58383K, committed 59008K, reserved 1114112K
  class space    used 8011K, committed 8320K, reserved 1048576K
}
Event: 5.908 GC heap before
{Heap before GC invocations=21 (full 0):
 garbage-first heap   total 106496K, used 63876K [0x0000000080000000, 0x0000000100000000)
  region size 1024K, 4 young (4096K), 2 survivors (2048K)
 Metaspace       used 58445K, committed 59072K, reserved 1114112K
  class space    used 8014K, committed 8320K, reserved 1048576K
}
Event: 5.910 GC heap after
{Heap after GC invocations=22 (full 0):
 garbage-first heap   total 228352K, used 63178K [0x0000000080000000, 0x0000000100000000)
  region size 1024K, 2 young (2048K), 2 survivors (2048K)
 Metaspace       used 58445K, committed 59072K, reserved 1114112K
  class space    used 8014K, committed 8320K, reserved 1048576K
}
Event: 6.699 GC heap before
{Heap before GC invocations=22 (full 0):
 garbage-first heap   total 228352K, used 141002K [0x0000000080000000, 0x0000000100000000)
  region size 1024K, 77 young (78848K), 2 survivors (2048K)
 Metaspace       used 65737K, committed 66368K, reserved 1114112K
  class space    used 8970K, committed 9280K, reserved 1048576K
}
Event: 6.702 GC heap after
{Heap after GC invocations=23 (full 0):
 garbage-first heap   total 228352K, used 65912K [0x0000000080000000, 0x0000000100000000)
  region size 1024K, 4 young (4096K), 4 survivors (4096K)
 Metaspace       used 65737K, committed 66368K, reserved 1114112K
  class space    used 8970K, committed 9280K, reserved 1048576K
}
Event: 7.564 GC heap before
{Heap before GC invocations=23 (full 0):
 garbage-first heap   total 228352K, used 167288K [0x0000000080000000, 0x0000000100000000)
  region size 1024K, 94 young (96256K), 4 survivors (4096K)
 Metaspace       used 73326K, committed 73920K, reserved 1114112K
  class space    used 9954K, committed 10240K, reserved 1048576K
}
Event: 7.571 GC heap after
{Heap after GC invocations=24 (full 0):
 garbage-first heap   total 228352K, used 79480K [0x0000000080000000, 0x0000000100000000)
  region size 1024K, 12 young (12288K), 12 survivors (12288K)
 Metaspace       used 73326K, committed 73920K, reserved 1114112K
  class space    used 9954K, committed 10240K, reserved 1048576K
}
Event: 8.285 GC heap before
{Heap before GC invocations=24 (full 0):
 garbage-first heap   total 228352K, used 163448K [0x0000000080000000, 0x0000000100000000)
  region size 1024K, 94 young (96256K), 12 survivors (12288K)
 Metaspace       used 80280K, committed 80832K, reserved 1179648K
  class space    used 10921K, committed 11200K, reserved 1048576K
}
Event: 8.293 GC heap after
{Heap after GC invocations=25 (full 0):
 garbage-first heap   total 228352K, used 86276K [0x0000000080000000, 0x0000000100000000)
  region size 1024K, 7 young (7168K), 7 survivors (7168K)
 Metaspace       used 80280K, committed 80832K, reserved 1179648K
  class space    used 10921K, committed 11200K, reserved 1048576K
}

